00:37:26.693 [main] INFO  stepDefinitions.stepDefinition_APIDemos_SettingWifi - Initializing Configurations...
00:37:26.697 [main] DEBUG MobileProgrammingLLC.Resources.Base - Loading locators...
00:37:26.697 [main] INFO  MobileProgrammingLLC.Resources.Base - Locators successfully loaded.
00:37:26.697 [main] DEBUG MobileProgrammingLLC.Resources.Base - Loading config file...
00:37:26.697 [main] INFO  MobileProgrammingLLC.Resources.Base - Config file successfully loaded.
00:37:26.697 [main] DEBUG MobileProgrammingLLC.Resources.Base - Loading data...
00:37:26.698 [main] INFO  MobileProgrammingLLC.Resources.Base - Data successfully loaded.
00:37:26.776 [main] DEBUG MobileProgrammingLLC.Resources.Base - Starting Appium Server...
00:37:36.341 [main] INFO  MobileProgrammingLLC.Resources.Base - Server successfully started.
00:37:36.341 [main] DEBUG MobileProgrammingLLC.Resources.Base - Setting Capabilities...
00:37:36.345 [main] DEBUG MobileProgrammingLLC.Resources.Base - Starting Emulator...
00:39:06.351 [main] INFO  MobileProgrammingLLC.Resources.Base - Emulator successfully started.
00:39:06.352 [main] INFO  MobileProgrammingLLC.Resources.Base - Capabilities Successfully set.
00:39:06.352 [main] DEBUG MobileProgrammingLLC.Resources.Base - Invoking the Native Application...
00:39:06.352 [main] INFO  MobileProgrammingLLC.Resources.Base - Application successfully invoked.
00:39:06.352 [main] DEBUG MobileProgrammingLLC.Resources.Base - Creating connection with Appium Server...
00:39:34.169 [main] INFO  MobileProgrammingLLC.Resources.Base - Connection successfully created.
00:39:34.958 [main] INFO  stepDefinitions.stepDefinition_APIDemos_SettingWifi - Configurations Successfully Initialized.
00:39:35.088 [main] DEBUG MobileProgrammingLLC.Resources.Base - Attempting to tap on element 'Located by By.chained({By.xpath: //android.widget.TextView[@text='Preference']})'...
00:39:36.524 [main] INFO  MobileProgrammingLLC.Resources.Base - Successfully tapped on 'Located by By.chained({By.xpath: //android.widget.TextView[@text='Preference']})'
00:39:36.528 [main] DEBUG MobileProgrammingLLC.Resources.Base - Attempting to tap on element 'Located by By.chained({By.AndroidUIAutomator: text("3. Preference dependencies")})'...
00:39:40.239 [main] INFO  MobileProgrammingLLC.Resources.Base - Successfully tapped on 'Located by By.chained({By.AndroidUIAutomator: text("3. Preference dependencies")})'
00:39:40.240 [main] DEBUG MobileProgrammingLLC.Resources.Base - Attempting to tap on element 'Located by By.chained({By.className: android.widget.CheckBox})'...
00:39:43.438 [main] INFO  MobileProgrammingLLC.Resources.Base - Successfully tapped on 'Located by By.chained({By.className: android.widget.CheckBox})'
00:39:43.438 [main] DEBUG MobileProgrammingLLC.Resources.Base - Attempting to tap on element 'Located by By.chained({By.xpath: //android.widget.TextView[@text='WiFi settings']})'...
00:39:45.979 [main] INFO  MobileProgrammingLLC.Resources.Base - Successfully tapped on 'Located by By.chained({By.xpath: //android.widget.TextView[@text='WiFi settings']})'
00:39:49.395 [main] DEBUG MobileProgrammingLLC.Resources.Base - Attempting to tap on element 'Located by By.chained({By.id: android:id/button1})'...
00:39:50.547 [main] INFO  MobileProgrammingLLC.Resources.Base - Successfully tapped on 'Located by By.chained({By.id: android:id/button1})'
00:39:50.549 [main] DEBUG MobileProgrammingLLC.Resources.Base - Attempting to quit the driver...
00:39:53.633 [main] INFO  MobileProgrammingLLC.Resources.Base - Driver successfully quitted.
00:42:00.550 [main] INFO  stepDefinitions.stepDefinition_APIDemos_SettingWifi - Initializing Configurations...
00:42:00.554 [main] DEBUG MobileProgrammingLLC.Resources.Base - Loading locators...
00:42:00.554 [main] INFO  MobileProgrammingLLC.Resources.Base - Locators successfully loaded.
00:42:00.555 [main] DEBUG MobileProgrammingLLC.Resources.Base - Loading config file...
00:42:00.555 [main] INFO  MobileProgrammingLLC.Resources.Base - Config file successfully loaded.
00:42:00.555 [main] DEBUG MobileProgrammingLLC.Resources.Base - Loading data...
00:42:00.555 [main] INFO  MobileProgrammingLLC.Resources.Base - Data successfully loaded.
00:42:00.632 [main] DEBUG MobileProgrammingLLC.Resources.Base - Starting Appium Server...
00:42:10.858 [main] INFO  MobileProgrammingLLC.Resources.Base - Server successfully started.
00:42:10.858 [main] DEBUG MobileProgrammingLLC.Resources.Base - Setting Capabilities...
00:42:10.862 [main] DEBUG MobileProgrammingLLC.Resources.Base - Starting Emulator...
00:43:40.870 [main] INFO  MobileProgrammingLLC.Resources.Base - Emulator successfully started.
00:43:40.871 [main] INFO  MobileProgrammingLLC.Resources.Base - Capabilities Successfully set.
00:43:40.871 [main] DEBUG MobileProgrammingLLC.Resources.Base - Invoking the Native Application...
00:43:40.871 [main] INFO  MobileProgrammingLLC.Resources.Base - Application successfully invoked.
00:43:40.871 [main] DEBUG MobileProgrammingLLC.Resources.Base - Creating connection with Appium Server...
00:44:06.579 [main] INFO  MobileProgrammingLLC.Resources.Base - Connection successfully created.
00:44:07.146 [main] INFO  stepDefinitions.stepDefinition_APIDemos_SettingWifi - Configurations Successfully Initialized.
00:44:07.258 [main] DEBUG MobileProgrammingLLC.Resources.Base - Attempting to tap on element 'Located by By.chained({By.xpath: //android.widget.TextView[@text='Preference']})'...
00:44:07.812 [main] INFO  MobileProgrammingLLC.Resources.Base - Successfully tapped on 'Located by By.chained({By.xpath: //android.widget.TextView[@text='Preference']})'
00:44:07.816 [main] DEBUG MobileProgrammingLLC.Resources.Base - Attempting to tap on element 'Located by By.chained({By.AndroidUIAutomator: text("3. Preference dependencies")})'...
00:44:12.516 [main] INFO  MobileProgrammingLLC.Resources.Base - Successfully tapped on 'Located by By.chained({By.AndroidUIAutomator: text("3. Preference dependencies")})'
00:44:14.779 [main] DEBUG MobileProgrammingLLC.Resources.Base - Attempting to quit the driver...
00:44:15.744 [main] INFO  MobileProgrammingLLC.Resources.Base - Driver successfully quitted.
02:59:29.745 [main] INFO  stepDefinitions.stepDefinition_APIDemos_RetrivingDogsInfo - Initializing Configurations...
02:59:29.749 [main] DEBUG MobileProgrammingLLC.Resources.Base - Loading locators...
02:59:29.749 [main] INFO  MobileProgrammingLLC.Resources.Base - Locators successfully loaded.
02:59:29.749 [main] DEBUG MobileProgrammingLLC.Resources.Base - Loading config file...
02:59:29.749 [main] INFO  MobileProgrammingLLC.Resources.Base - Config file successfully loaded.
02:59:29.749 [main] DEBUG MobileProgrammingLLC.Resources.Base - Loading data...
02:59:29.750 [main] INFO  MobileProgrammingLLC.Resources.Base - Data successfully loaded.
02:59:29.846 [main] DEBUG MobileProgrammingLLC.Resources.Base - Starting Appium Server...
02:59:39.413 [main] INFO  MobileProgrammingLLC.Resources.Base - Server successfully started.
02:59:39.414 [main] DEBUG MobileProgrammingLLC.Resources.Base - Setting Capabilities...
02:59:39.418 [main] DEBUG MobileProgrammingLLC.Resources.Base - Starting Emulator...
03:01:09.426 [main] INFO  MobileProgrammingLLC.Resources.Base - Emulator successfully started.
03:01:09.426 [main] INFO  MobileProgrammingLLC.Resources.Base - Capabilities Successfully set.
03:01:09.426 [main] DEBUG MobileProgrammingLLC.Resources.Base - Invoking the Native Application...
03:01:09.427 [main] INFO  MobileProgrammingLLC.Resources.Base - Application successfully invoked.
03:01:09.427 [main] DEBUG MobileProgrammingLLC.Resources.Base - Creating connection with Appium Server...
03:01:34.615 [main] INFO  MobileProgrammingLLC.Resources.Base - Connection successfully created.
03:01:35.434 [main] INFO  stepDefinitions.stepDefinition_APIDemos_RetrivingDogsInfo - Configurations Successfully Initialized.
03:01:35.555 [main] DEBUG MobileProgrammingLLC.Resources.Base - Attempting to tap on element 'Located by By.chained({By.AndroidUIAutomator: text("Views")})'...
03:01:36.771 [main] INFO  MobileProgrammingLLC.Resources.Base - Successfully tapped on 'Located by By.chained({By.AndroidUIAutomator: text("Views")})'
03:01:36.771 [main] DEBUG MobileProgrammingLLC.Resources.Base - Attempting to tap on element 'Located by By.chained({By.AndroidUIAutomator: text("Expandable Lists")})'...
03:01:40.415 [main] INFO  MobileProgrammingLLC.Resources.Base - Successfully tapped on 'Located by By.chained({By.AndroidUIAutomator: text("Expandable Lists")})'
03:01:40.418 [main] DEBUG MobileProgrammingLLC.Resources.Base - Attempting to tap on element 'Located by By.chained({By.xpath: //android.widget.TextView[@text='1. Custom Adapter']})'...
03:01:43.529 [main] INFO  MobileProgrammingLLC.Resources.Base - Successfully tapped on 'Located by By.chained({By.xpath: //android.widget.TextView[@text='1. Custom Adapter']})'
03:01:43.530 [main] DEBUG MobileProgrammingLLC.Resources.Base - Attempting to long press on element 'Located by By.chained({By.xpath: //*[@text='Dog Names']})'...
03:01:48.926 [main] INFO  MobileProgrammingLLC.Resources.Base - Successfully long pressed on 'Located by By.chained({By.xpath: //*[@text='Dog Names']})'.
03:01:48.928 [main] DEBUG MobileProgrammingLLC.Resources.Base - Attempting to quit the driver...
03:01:49.463 [main] INFO  MobileProgrammingLLC.Resources.Base - Driver successfully quitted.
03:01:49.467 [main] INFO  stepDefinitions.stepDefinition_APIDemos_SettingWifi - Initializing Configurations...
03:01:49.467 [main] DEBUG MobileProgrammingLLC.Resources.Base - Loading locators...
03:01:49.467 [main] INFO  MobileProgrammingLLC.Resources.Base - Locators successfully loaded.
03:01:49.467 [main] DEBUG MobileProgrammingLLC.Resources.Base - Loading config file...
03:01:49.467 [main] INFO  MobileProgrammingLLC.Resources.Base - Config file successfully loaded.
03:01:49.467 [main] DEBUG MobileProgrammingLLC.Resources.Base - Loading data...
03:01:49.467 [main] INFO  MobileProgrammingLLC.Resources.Base - Data successfully loaded.
03:01:49.481 [main] DEBUG MobileProgrammingLLC.Resources.Base - Starting Appium Server...
03:01:56.761 [main] INFO  MobileProgrammingLLC.Resources.Base - Server successfully started.
03:01:56.761 [main] DEBUG MobileProgrammingLLC.Resources.Base - Setting Capabilities...
03:01:56.762 [main] DEBUG MobileProgrammingLLC.Resources.Base - Starting Emulator...
03:01:59.182 [main] INFO  MobileProgrammingLLC.Resources.Base - Emulator successfully started.
03:01:59.183 [main] INFO  MobileProgrammingLLC.Resources.Base - Capabilities Successfully set.
03:01:59.183 [main] DEBUG MobileProgrammingLLC.Resources.Base - Invoking the Native Application...
03:01:59.183 [main] INFO  MobileProgrammingLLC.Resources.Base - Application successfully invoked.
03:01:59.183 [main] DEBUG MobileProgrammingLLC.Resources.Base - Creating connection with Appium Server...
03:02:18.070 [main] INFO  MobileProgrammingLLC.Resources.Base - Connection successfully created.
03:02:18.457 [main] INFO  stepDefinitions.stepDefinition_APIDemos_SettingWifi - Configurations Successfully Initialized.
03:02:18.464 [main] DEBUG MobileProgrammingLLC.Resources.Base - Attempting to tap on element 'Located by By.chained({By.xpath: //android.widget.TextView[@text='Preference']})'...
03:02:19.523 [main] INFO  MobileProgrammingLLC.Resources.Base - Successfully tapped on 'Located by By.chained({By.xpath: //android.widget.TextView[@text='Preference']})'
03:02:19.525 [main] DEBUG MobileProgrammingLLC.Resources.Base - Attempting to tap on element 'Located by By.chained({By.AndroidUIAutomator: text("3. Preference dependencies")})'...
03:02:24.423 [main] INFO  MobileProgrammingLLC.Resources.Base - Successfully tapped on 'Located by By.chained({By.AndroidUIAutomator: text("3. Preference dependencies")})'
03:02:24.426 [main] DEBUG MobileProgrammingLLC.Resources.Base - Attempting to tap on element 'Located by By.chained({By.className: android.widget.CheckBox})'...
03:02:27.405 [main] INFO  MobileProgrammingLLC.Resources.Base - Successfully tapped on 'Located by By.chained({By.className: android.widget.CheckBox})'
03:02:27.405 [main] DEBUG MobileProgrammingLLC.Resources.Base - Attempting to tap on element 'Located by By.chained({By.xpath: //android.widget.TextView[@text='WiFi settings']})'...
03:02:29.219 [main] INFO  MobileProgrammingLLC.Resources.Base - Successfully tapped on 'Located by By.chained({By.xpath: //android.widget.TextView[@text='WiFi settings']})'
03:02:32.630 [main] DEBUG MobileProgrammingLLC.Resources.Base - Attempting to tap on element 'Located by By.chained({By.id: android:id/button1})'...
03:02:33.458 [main] INFO  MobileProgrammingLLC.Resources.Base - Successfully tapped on 'Located by By.chained({By.id: android:id/button1})'
03:02:33.460 [main] DEBUG MobileProgrammingLLC.Resources.Base - Attempting to quit the driver...
03:02:34.486 [main] INFO  MobileProgrammingLLC.Resources.Base - Driver successfully quitted.
05:15:39.639 [main] INFO  stepDefinitions.stepDefinition_04_APIDemos_MakingPopUps - Initializing Configurations...
05:15:39.667 [main] DEBUG MobileProgrammingLLC.Resources.Base - Loading locators...
05:15:39.667 [main] INFO  MobileProgrammingLLC.Resources.Base - Locators successfully loaded.
05:15:39.667 [main] DEBUG MobileProgrammingLLC.Resources.Base - Loading config file...
05:15:39.668 [main] INFO  MobileProgrammingLLC.Resources.Base - Config file successfully loaded.
05:15:39.668 [main] DEBUG MobileProgrammingLLC.Resources.Base - Loading data...
05:15:39.668 [main] INFO  MobileProgrammingLLC.Resources.Base - Data successfully loaded.
05:15:39.769 [main] DEBUG MobileProgrammingLLC.Resources.Base - Starting Appium Server...
05:15:47.057 [main] INFO  MobileProgrammingLLC.Resources.Base - Server successfully started.
05:15:47.057 [main] DEBUG MobileProgrammingLLC.Resources.Base - Setting Capabilities...
05:15:47.061 [main] DEBUG MobileProgrammingLLC.Resources.Base - Starting Emulator...
05:17:17.070 [main] INFO  MobileProgrammingLLC.Resources.Base - Emulator successfully started.
05:17:17.070 [main] INFO  MobileProgrammingLLC.Resources.Base - Capabilities Successfully set.
05:17:17.070 [main] DEBUG MobileProgrammingLLC.Resources.Base - Invoking the Native Application...
05:17:17.070 [main] INFO  MobileProgrammingLLC.Resources.Base - Application successfully invoked.
05:17:17.071 [main] DEBUG MobileProgrammingLLC.Resources.Base - Creating connection with Appium Server...
05:17:39.781 [main] INFO  MobileProgrammingLLC.Resources.Base - Connection successfully created.
05:17:40.319 [main] INFO  stepDefinitions.stepDefinition_04_APIDemos_MakingPopUps - Configurations Successfully Initialized.
05:17:40.449 [main] DEBUG MobileProgrammingLLC.Resources.Base - Attempting to tap on element 'Located by By.chained({By.AndroidUIAutomator: text("Views")})'...
05:17:41.702 [main] INFO  MobileProgrammingLLC.Resources.Base - Successfully tapped on 'Located by By.chained({By.AndroidUIAutomator: text("Views")})'
05:17:41.705 [main] DEBUG MobileProgrammingLLC.Resources.Base - Attempting to perform scroll on the page...
05:17:51.626 [main] INFO  MobileProgrammingLLC.Resources.Base - Scrolling successful.
05:17:51.626 [main] DEBUG MobileProgrammingLLC.Resources.Base - Attempting to tap on element 'Located by By.chained({By.AndroidUIAutomator: text("Popup Menu")})'...
05:17:53.044 [main] INFO  MobileProgrammingLLC.Resources.Base - Successfully tapped on 'Located by By.chained({By.AndroidUIAutomator: text("Popup Menu")})'
05:17:53.047 [main] DEBUG MobileProgrammingLLC.Resources.Base - Attempting to tap on element 'Located by By.chained({By.xpath: //android.widget.Button[@text='MAKE A POPUP!']})'...
05:17:54.515 [main] INFO  MobileProgrammingLLC.Resources.Base - Successfully tapped on 'Located by By.chained({By.xpath: //android.widget.Button[@text='MAKE A POPUP!']})'
05:17:54.516 [main] DEBUG MobileProgrammingLLC.Resources.Base - Attempting to quit the driver...
05:17:55.125 [main] INFO  MobileProgrammingLLC.Resources.Base - Driver successfully quitted.
05:17:55.129 [main] INFO  stepDefinitions.stepDefinition_03_APIDemos_PlayingRedDots - Initializing Configurations...
05:17:55.130 [main] DEBUG MobileProgrammingLLC.Resources.Base - Loading locators...
05:17:55.130 [main] INFO  MobileProgrammingLLC.Resources.Base - Locators successfully loaded.
05:17:55.130 [main] DEBUG MobileProgrammingLLC.Resources.Base - Loading config file...
05:17:55.130 [main] INFO  MobileProgrammingLLC.Resources.Base - Config file successfully loaded.
05:17:55.130 [main] DEBUG MobileProgrammingLLC.Resources.Base - Loading data...
05:17:55.130 [main] INFO  MobileProgrammingLLC.Resources.Base - Data successfully loaded.
05:17:55.143 [main] DEBUG MobileProgrammingLLC.Resources.Base - Starting Appium Server...
05:18:02.365 [main] INFO  MobileProgrammingLLC.Resources.Base - Server successfully started.
05:18:02.365 [main] DEBUG MobileProgrammingLLC.Resources.Base - Setting Capabilities...
05:18:02.365 [main] DEBUG MobileProgrammingLLC.Resources.Base - Starting Emulator...
05:18:04.852 [main] INFO  MobileProgrammingLLC.Resources.Base - Emulator successfully started.
05:18:04.852 [main] INFO  MobileProgrammingLLC.Resources.Base - Capabilities Successfully set.
05:18:04.852 [main] DEBUG MobileProgrammingLLC.Resources.Base - Invoking the Native Application...
05:18:04.853 [main] INFO  MobileProgrammingLLC.Resources.Base - Application successfully invoked.
05:18:04.853 [main] DEBUG MobileProgrammingLLC.Resources.Base - Creating connection with Appium Server...
05:18:19.566 [main] INFO  MobileProgrammingLLC.Resources.Base - Connection successfully created.
05:18:19.989 [main] INFO  stepDefinitions.stepDefinition_03_APIDemos_PlayingRedDots - Configurations Successfully Initialized.
05:18:19.995 [main] DEBUG MobileProgrammingLLC.Resources.Base - Attempting to tap on element 'Located by By.chained({By.AndroidUIAutomator: text("Views")})'...
05:18:21.093 [main] INFO  MobileProgrammingLLC.Resources.Base - Successfully tapped on 'Located by By.chained({By.AndroidUIAutomator: text("Views")})'
05:18:21.095 [main] DEBUG MobileProgrammingLLC.Resources.Base - Attempting to tap on element 'Located by By.chained({By.xpath: //android.widget.TextView[@text='Drag and Drop']})'...
05:18:24.417 [main] INFO  MobileProgrammingLLC.Resources.Base - Successfully tapped on 'Located by By.chained({By.xpath: //android.widget.TextView[@text='Drag and Drop']})'
05:18:24.420 [main] DEBUG MobileProgrammingLLC.Resources.Base - Attempting to long press on element 'Located by By.chained({By.xpath: //android.view.View[@resource-id='io.appium.android.apis:id/drag_dot_1']})'...
05:18:28.025 [main] INFO  MobileProgrammingLLC.Resources.Base - Successfully long pressed on 'Located by By.chained({By.xpath: //android.view.View[@resource-id='io.appium.android.apis:id/drag_dot_1']})'.
05:18:28.025 [main] DEBUG MobileProgrammingLLC.Resources.Base - Attempting to move the element to 'Located by By.chained({By.xpath: //android.view.View[@resource-id='io.appium.android.apis:id/drag_dot_3']})'...
05:18:29.861 [main] INFO  MobileProgrammingLLC.Resources.Base - Successfully moved the element to 'Located by By.chained({By.xpath: //android.view.View[@resource-id='io.appium.android.apis:id/drag_dot_3']})'.
05:18:29.864 [main] DEBUG MobileProgrammingLLC.Resources.Base - Attempting to quit the driver...
05:18:30.249 [main] INFO  MobileProgrammingLLC.Resources.Base - Driver successfully quitted.
05:18:30.253 [main] INFO  stepDefinitions.stepDefinition_02_APIDemos_RetrivingDogsInfo - Initializing Configurations...
05:18:30.253 [main] DEBUG MobileProgrammingLLC.Resources.Base - Loading locators...
05:18:30.253 [main] INFO  MobileProgrammingLLC.Resources.Base - Locators successfully loaded.
05:18:30.253 [main] DEBUG MobileProgrammingLLC.Resources.Base - Loading config file...
05:18:30.253 [main] INFO  MobileProgrammingLLC.Resources.Base - Config file successfully loaded.
05:18:30.254 [main] DEBUG MobileProgrammingLLC.Resources.Base - Loading data...
05:18:30.254 [main] INFO  MobileProgrammingLLC.Resources.Base - Data successfully loaded.
05:18:30.266 [main] DEBUG MobileProgrammingLLC.Resources.Base - Starting Appium Server...
05:18:37.541 [main] INFO  MobileProgrammingLLC.Resources.Base - Server successfully started.
05:18:37.542 [main] DEBUG MobileProgrammingLLC.Resources.Base - Setting Capabilities...
05:18:37.542 [main] DEBUG MobileProgrammingLLC.Resources.Base - Starting Emulator...
05:18:39.885 [main] INFO  MobileProgrammingLLC.Resources.Base - Emulator successfully started.
05:18:39.886 [main] INFO  MobileProgrammingLLC.Resources.Base - Capabilities Successfully set.
05:18:39.886 [main] DEBUG MobileProgrammingLLC.Resources.Base - Invoking the Native Application...
05:18:39.886 [main] INFO  MobileProgrammingLLC.Resources.Base - Application successfully invoked.
05:18:39.886 [main] DEBUG MobileProgrammingLLC.Resources.Base - Creating connection with Appium Server...
05:19:02.015 [main] INFO  MobileProgrammingLLC.Resources.Base - Connection successfully created.
05:19:02.555 [main] INFO  stepDefinitions.stepDefinition_02_APIDemos_RetrivingDogsInfo - Configurations Successfully Initialized.
05:19:02.558 [main] DEBUG MobileProgrammingLLC.Resources.Base - Attempting to tap on element 'Located by By.chained({By.AndroidUIAutomator: text("Views")})'...
05:19:03.643 [main] INFO  MobileProgrammingLLC.Resources.Base - Successfully tapped on 'Located by By.chained({By.AndroidUIAutomator: text("Views")})'
05:19:03.643 [main] DEBUG MobileProgrammingLLC.Resources.Base - Attempting to tap on element 'Located by By.chained({By.AndroidUIAutomator: text("Expandable Lists")})'...
05:19:07.374 [main] INFO  MobileProgrammingLLC.Resources.Base - Successfully tapped on 'Located by By.chained({By.AndroidUIAutomator: text("Expandable Lists")})'
05:19:07.377 [main] DEBUG MobileProgrammingLLC.Resources.Base - Attempting to tap on element 'Located by By.chained({By.xpath: //android.widget.TextView[@text='1. Custom Adapter']})'...
05:19:10.323 [main] INFO  MobileProgrammingLLC.Resources.Base - Successfully tapped on 'Located by By.chained({By.xpath: //android.widget.TextView[@text='1. Custom Adapter']})'
05:19:10.324 [main] DEBUG MobileProgrammingLLC.Resources.Base - Attempting to long press on element 'Located by By.chained({By.xpath: //*[@text='Dog Names']})'...
05:19:15.743 [main] INFO  MobileProgrammingLLC.Resources.Base - Successfully long pressed on 'Located by By.chained({By.xpath: //*[@text='Dog Names']})'.
05:19:15.744 [main] DEBUG MobileProgrammingLLC.Resources.Base - Attempting to quit the driver...
05:19:16.990 [main] INFO  MobileProgrammingLLC.Resources.Base - Driver successfully quitted.
05:19:16.992 [main] INFO  stepDefinitions.stepDefinition_01_APIDemos_SettingWifi - Initializing Configurations...
05:19:16.993 [main] DEBUG MobileProgrammingLLC.Resources.Base - Loading locators...
05:19:16.993 [main] INFO  MobileProgrammingLLC.Resources.Base - Locators successfully loaded.
05:19:16.993 [main] DEBUG MobileProgrammingLLC.Resources.Base - Loading config file...
05:19:16.993 [main] INFO  MobileProgrammingLLC.Resources.Base - Config file successfully loaded.
05:19:16.993 [main] DEBUG MobileProgrammingLLC.Resources.Base - Loading data...
05:19:16.993 [main] INFO  MobileProgrammingLLC.Resources.Base - Data successfully loaded.
05:19:17.007 [main] DEBUG MobileProgrammingLLC.Resources.Base - Starting Appium Server...
05:19:24.391 [main] INFO  MobileProgrammingLLC.Resources.Base - Server successfully started.
05:19:24.391 [main] DEBUG MobileProgrammingLLC.Resources.Base - Setting Capabilities...
05:19:24.391 [main] DEBUG MobileProgrammingLLC.Resources.Base - Starting Emulator...
05:19:26.776 [main] INFO  MobileProgrammingLLC.Resources.Base - Emulator successfully started.
05:19:26.776 [main] INFO  MobileProgrammingLLC.Resources.Base - Capabilities Successfully set.
05:19:26.777 [main] DEBUG MobileProgrammingLLC.Resources.Base - Invoking the Native Application...
05:19:26.777 [main] INFO  MobileProgrammingLLC.Resources.Base - Application successfully invoked.
05:19:26.777 [main] DEBUG MobileProgrammingLLC.Resources.Base - Creating connection with Appium Server...
05:19:42.091 [main] INFO  MobileProgrammingLLC.Resources.Base - Connection successfully created.
05:19:42.409 [main] INFO  stepDefinitions.stepDefinition_01_APIDemos_SettingWifi - Configurations Successfully Initialized.
05:19:42.412 [main] DEBUG MobileProgrammingLLC.Resources.Base - Attempting to tap on element 'Located by By.chained({By.xpath: //android.widget.TextView[@text='Preference']})'...
05:19:42.947 [main] INFO  MobileProgrammingLLC.Resources.Base - Successfully tapped on 'Located by By.chained({By.xpath: //android.widget.TextView[@text='Preference']})'
05:19:42.949 [main] DEBUG MobileProgrammingLLC.Resources.Base - Attempting to tap on element 'Located by By.chained({By.AndroidUIAutomator: text("3. Preference dependencies")})'...
05:19:47.266 [main] INFO  MobileProgrammingLLC.Resources.Base - Successfully tapped on 'Located by By.chained({By.AndroidUIAutomator: text("3. Preference dependencies")})'
05:19:47.267 [main] DEBUG MobileProgrammingLLC.Resources.Base - Attempting to tap on element 'Located by By.chained({By.className: android.widget.CheckBox})'...
05:19:50.923 [main] INFO  MobileProgrammingLLC.Resources.Base - Successfully tapped on 'Located by By.chained({By.className: android.widget.CheckBox})'
05:19:50.923 [main] DEBUG MobileProgrammingLLC.Resources.Base - Attempting to tap on element 'Located by By.chained({By.xpath: //android.widget.TextView[@text='WiFi settings']})'...
05:19:53.687 [main] INFO  MobileProgrammingLLC.Resources.Base - Successfully tapped on 'Located by By.chained({By.xpath: //android.widget.TextView[@text='WiFi settings']})'
05:19:57.169 [main] DEBUG MobileProgrammingLLC.Resources.Base - Attempting to tap on element 'Located by By.chained({By.id: android:id/button1})'...
05:19:58.072 [main] INFO  MobileProgrammingLLC.Resources.Base - Successfully tapped on 'Located by By.chained({By.id: android:id/button1})'
05:19:58.073 [main] DEBUG MobileProgrammingLLC.Resources.Base - Attempting to quit the driver...
05:20:00.770 [main] INFO  MobileProgrammingLLC.Resources.Base - Driver successfully quitted.
03:33:36.954 [main] INFO  stepDefinitions.stepDefinition_01_APIDemos_SettingWifi - Initializing Configurations...
03:33:36.970 [main] DEBUG MobileProgrammingLLC.Resources.Base - Loading locators...
03:33:36.998 [main] INFO  MobileProgrammingLLC.Resources.Base - Locators successfully loaded.
03:33:36.999 [main] DEBUG MobileProgrammingLLC.Resources.Base - Loading config file...
03:33:37.009 [main] INFO  MobileProgrammingLLC.Resources.Base - Config file successfully loaded.
03:33:37.010 [main] DEBUG MobileProgrammingLLC.Resources.Base - Loading data...
03:33:37.010 [main] INFO  MobileProgrammingLLC.Resources.Base - Data successfully loaded.
03:33:37.134 [main] DEBUG MobileProgrammingLLC.Resources.Base - Starting Appium Server...
03:33:46.661 [main] INFO  MobileProgrammingLLC.Resources.Base - Server successfully started.
03:33:46.662 [main] DEBUG MobileProgrammingLLC.Resources.Base - Setting Capabilities...
03:33:46.666 [main] DEBUG MobileProgrammingLLC.Resources.Base - Starting Emulator...
03:35:16.696 [main] INFO  MobileProgrammingLLC.Resources.Base - Emulator successfully started.
03:35:16.697 [main] INFO  MobileProgrammingLLC.Resources.Base - Capabilities Successfully set.
03:35:16.697 [main] DEBUG MobileProgrammingLLC.Resources.Base - Invoking the Native Application...
03:35:16.698 [main] INFO  MobileProgrammingLLC.Resources.Base - Application successfully invoked.
03:35:16.698 [main] DEBUG MobileProgrammingLLC.Resources.Base - Creating connection with Appium Server...
03:35:47.963 [main] INFO  MobileProgrammingLLC.Resources.Base - Connection successfully created.
03:35:48.698 [main] INFO  stepDefinitions.stepDefinition_01_APIDemos_SettingWifi - Configurations Successfully Initialized.
03:35:48.866 [main] DEBUG MobileProgrammingLLC.Resources.Base - Attempting to tap on element 'Located by By.chained({By.xpath: //android.widget.TextView[@text='Preference']})'...
03:35:49.999 [main] INFO  MobileProgrammingLLC.Resources.Base - Successfully tapped on 'Located by By.chained({By.xpath: //android.widget.TextView[@text='Preference']})'
03:35:50.003 [main] DEBUG MobileProgrammingLLC.Resources.Base - Attempting to tap on element 'Located by By.chained({By.AndroidUIAutomator: text("3. Preference dependencies")})'...
03:35:54.352 [main] INFO  MobileProgrammingLLC.Resources.Base - Successfully tapped on 'Located by By.chained({By.AndroidUIAutomator: text("3. Preference dependencies")})'
03:35:54.359 [main] DEBUG MobileProgrammingLLC.Resources.Base - Attempting to tap on element 'Located by By.chained({By.className: android.widget.CheckBox})'...
03:35:58.121 [main] INFO  MobileProgrammingLLC.Resources.Base - Successfully tapped on 'Located by By.chained({By.className: android.widget.CheckBox})'
03:35:58.121 [main] DEBUG MobileProgrammingLLC.Resources.Base - Attempting to tap on element 'Located by By.chained({By.xpath: //android.widget.TextView[@text='WiFi settings']})'...
03:36:01.002 [main] INFO  MobileProgrammingLLC.Resources.Base - Successfully tapped on 'Located by By.chained({By.xpath: //android.widget.TextView[@text='WiFi settings']})'
03:36:01.002 [main] DEBUG MobileProgrammingLLC.Resources.Base - Attempting to send "pass1111" to element "Located by By.chained({By.className: android.widget.EditText})"...
03:36:03.181 [main] INFO  MobileProgrammingLLC.Resources.Base - Content "pass1111" entered successfully into element "Located by By.chained({By.className: android.widget.EditText})"
03:36:03.181 [main] DEBUG MobileProgrammingLLC.Resources.Base - Attempting to tap on element 'Located by By.chained({By.id: android:id/button1})'...
03:36:05.394 [main] INFO  MobileProgrammingLLC.Resources.Base - Successfully tapped on 'Located by By.chained({By.id: android:id/button1})'
03:36:05.396 [main] DEBUG MobileProgrammingLLC.Resources.Base - Attempting to quit the driver...
03:36:07.336 [main] INFO  MobileProgrammingLLC.Resources.Base - Driver successfully quitted.
03:36:07.338 [main] INFO  stepDefinitions.stepDefinition_01_APIDemos_SettingWifi - Initializing Configurations...
03:36:07.338 [main] DEBUG MobileProgrammingLLC.Resources.Base - Loading locators...
03:36:07.338 [main] INFO  MobileProgrammingLLC.Resources.Base - Locators successfully loaded.
03:36:07.338 [main] DEBUG MobileProgrammingLLC.Resources.Base - Loading config file...
03:36:07.339 [main] INFO  MobileProgrammingLLC.Resources.Base - Config file successfully loaded.
03:36:07.339 [main] DEBUG MobileProgrammingLLC.Resources.Base - Loading data...
03:36:07.339 [main] INFO  MobileProgrammingLLC.Resources.Base - Data successfully loaded.
03:36:07.350 [main] DEBUG MobileProgrammingLLC.Resources.Base - Starting Appium Server...
03:36:14.574 [main] INFO  MobileProgrammingLLC.Resources.Base - Server successfully started.
03:36:14.574 [main] DEBUG MobileProgrammingLLC.Resources.Base - Setting Capabilities...
03:36:14.574 [main] DEBUG MobileProgrammingLLC.Resources.Base - Starting Emulator...
03:36:17.186 [main] INFO  MobileProgrammingLLC.Resources.Base - Emulator successfully started.
03:36:17.187 [main] INFO  MobileProgrammingLLC.Resources.Base - Capabilities Successfully set.
03:36:17.187 [main] DEBUG MobileProgrammingLLC.Resources.Base - Invoking the Native Application...
03:36:17.187 [main] INFO  MobileProgrammingLLC.Resources.Base - Application successfully invoked.
03:36:17.187 [main] DEBUG MobileProgrammingLLC.Resources.Base - Creating connection with Appium Server...
03:36:34.876 [main] INFO  MobileProgrammingLLC.Resources.Base - Connection successfully created.
03:36:35.281 [main] INFO  stepDefinitions.stepDefinition_01_APIDemos_SettingWifi - Configurations Successfully Initialized.
03:36:35.288 [main] DEBUG MobileProgrammingLLC.Resources.Base - Attempting to tap on element 'Located by By.chained({By.xpath: //android.widget.TextView[@text='Preference']})'...
03:36:35.847 [main] INFO  MobileProgrammingLLC.Resources.Base - Successfully tapped on 'Located by By.chained({By.xpath: //android.widget.TextView[@text='Preference']})'
03:36:35.850 [main] DEBUG MobileProgrammingLLC.Resources.Base - Attempting to tap on element 'Located by By.chained({By.AndroidUIAutomator: text("3. Preference dependencies")})'...
03:36:40.532 [main] INFO  MobileProgrammingLLC.Resources.Base - Successfully tapped on 'Located by By.chained({By.AndroidUIAutomator: text("3. Preference dependencies")})'
03:36:40.535 [main] DEBUG MobileProgrammingLLC.Resources.Base - Attempting to tap on element 'Located by By.chained({By.className: android.widget.CheckBox})'...
03:36:44.509 [main] INFO  MobileProgrammingLLC.Resources.Base - Successfully tapped on 'Located by By.chained({By.className: android.widget.CheckBox})'
03:36:44.509 [main] DEBUG MobileProgrammingLLC.Resources.Base - Attempting to tap on element 'Located by By.chained({By.xpath: //android.widget.TextView[@text='WiFi settings']})'...
03:36:46.446 [main] INFO  MobileProgrammingLLC.Resources.Base - Successfully tapped on 'Located by By.chained({By.xpath: //android.widget.TextView[@text='WiFi settings']})'
03:36:46.446 [main] DEBUG MobileProgrammingLLC.Resources.Base - Attempting to send "pass2222" to element "Located by By.chained({By.className: android.widget.EditText})"...
03:36:50.231 [main] INFO  MobileProgrammingLLC.Resources.Base - Content "pass2222" entered successfully into element "Located by By.chained({By.className: android.widget.EditText})"
03:36:50.231 [main] DEBUG MobileProgrammingLLC.Resources.Base - Attempting to tap on element 'Located by By.chained({By.id: android:id/button1})'...
03:36:51.528 [main] INFO  MobileProgrammingLLC.Resources.Base - Successfully tapped on 'Located by By.chained({By.id: android:id/button1})'
03:36:51.530 [main] DEBUG MobileProgrammingLLC.Resources.Base - Attempting to quit the driver...
03:36:52.511 [main] INFO  MobileProgrammingLLC.Resources.Base - Driver successfully quitted.
03:36:52.514 [main] INFO  stepDefinitions.stepDefinition_02_APIDemos_RetrivingDogsInfo - Initializing Configurations...
03:36:52.514 [main] DEBUG MobileProgrammingLLC.Resources.Base - Loading locators...
03:36:52.515 [main] INFO  MobileProgrammingLLC.Resources.Base - Locators successfully loaded.
03:36:52.515 [main] DEBUG MobileProgrammingLLC.Resources.Base - Loading config file...
03:36:52.515 [main] INFO  MobileProgrammingLLC.Resources.Base - Config file successfully loaded.
03:36:52.515 [main] DEBUG MobileProgrammingLLC.Resources.Base - Loading data...
03:36:52.515 [main] INFO  MobileProgrammingLLC.Resources.Base - Data successfully loaded.
03:36:52.528 [main] DEBUG MobileProgrammingLLC.Resources.Base - Starting Appium Server...
03:36:59.751 [main] INFO  MobileProgrammingLLC.Resources.Base - Server successfully started.
03:36:59.751 [main] DEBUG MobileProgrammingLLC.Resources.Base - Setting Capabilities...
03:36:59.752 [main] DEBUG MobileProgrammingLLC.Resources.Base - Starting Emulator...
03:37:02.093 [main] INFO  MobileProgrammingLLC.Resources.Base - Emulator successfully started.
03:37:02.093 [main] INFO  MobileProgrammingLLC.Resources.Base - Capabilities Successfully set.
03:37:02.093 [main] DEBUG MobileProgrammingLLC.Resources.Base - Invoking the Native Application...
03:37:02.094 [main] INFO  MobileProgrammingLLC.Resources.Base - Application successfully invoked.
03:37:02.094 [main] DEBUG MobileProgrammingLLC.Resources.Base - Creating connection with Appium Server...
03:37:18.584 [main] INFO  MobileProgrammingLLC.Resources.Base - Connection successfully created.
03:37:19.272 [main] INFO  stepDefinitions.stepDefinition_02_APIDemos_RetrivingDogsInfo - Configurations Successfully Initialized.
03:37:19.274 [main] DEBUG MobileProgrammingLLC.Resources.Base - Attempting to tap on element 'Located by By.chained({By.AndroidUIAutomator: text("Views")})'...
03:37:20.242 [main] INFO  MobileProgrammingLLC.Resources.Base - Successfully tapped on 'Located by By.chained({By.AndroidUIAutomator: text("Views")})'
03:37:20.242 [main] DEBUG MobileProgrammingLLC.Resources.Base - Attempting to tap on element 'Located by By.chained({By.AndroidUIAutomator: text("Expandable Lists")})'...
03:37:23.536 [main] INFO  MobileProgrammingLLC.Resources.Base - Successfully tapped on 'Located by By.chained({By.AndroidUIAutomator: text("Expandable Lists")})'
03:37:23.538 [main] DEBUG MobileProgrammingLLC.Resources.Base - Attempting to tap on element 'Located by By.chained({By.xpath: //android.widget.TextView[@text='1. Custom Adapter']})'...
03:37:27.743 [main] INFO  MobileProgrammingLLC.Resources.Base - Successfully tapped on 'Located by By.chained({By.xpath: //android.widget.TextView[@text='1. Custom Adapter']})'
03:37:27.743 [main] DEBUG MobileProgrammingLLC.Resources.Base - Attempting to long press on element 'Located by By.chained({By.xpath: //*[@text='Dog Names']})'...
03:37:32.480 [main] INFO  MobileProgrammingLLC.Resources.Base - Successfully long pressed on 'Located by By.chained({By.xpath: //*[@text='Dog Names']})'.
03:37:32.481 [main] DEBUG MobileProgrammingLLC.Resources.Base - Attempting to quit the driver...
03:37:33.027 [main] INFO  MobileProgrammingLLC.Resources.Base - Driver successfully quitted.
03:37:33.030 [main] INFO  stepDefinitions.stepDefinition_03_APIDemos_PlayingRedDots - Initializing Configurations...
03:37:33.030 [main] DEBUG MobileProgrammingLLC.Resources.Base - Loading locators...
03:37:33.031 [main] INFO  MobileProgrammingLLC.Resources.Base - Locators successfully loaded.
03:37:33.031 [main] DEBUG MobileProgrammingLLC.Resources.Base - Loading config file...
03:37:33.031 [main] INFO  MobileProgrammingLLC.Resources.Base - Config file successfully loaded.
03:37:33.031 [main] DEBUG MobileProgrammingLLC.Resources.Base - Loading data...
03:37:33.031 [main] INFO  MobileProgrammingLLC.Resources.Base - Data successfully loaded.
03:37:33.045 [main] DEBUG MobileProgrammingLLC.Resources.Base - Starting Appium Server...
03:37:40.264 [main] INFO  MobileProgrammingLLC.Resources.Base - Server successfully started.
03:37:40.264 [main] DEBUG MobileProgrammingLLC.Resources.Base - Setting Capabilities...
03:37:40.265 [main] DEBUG MobileProgrammingLLC.Resources.Base - Starting Emulator...
03:37:42.594 [main] INFO  MobileProgrammingLLC.Resources.Base - Emulator successfully started.
03:37:42.594 [main] INFO  MobileProgrammingLLC.Resources.Base - Capabilities Successfully set.
03:37:42.594 [main] DEBUG MobileProgrammingLLC.Resources.Base - Invoking the Native Application...
03:37:42.595 [main] INFO  MobileProgrammingLLC.Resources.Base - Application successfully invoked.
03:37:42.595 [main] DEBUG MobileProgrammingLLC.Resources.Base - Creating connection with Appium Server...
03:37:59.296 [main] INFO  MobileProgrammingLLC.Resources.Base - Connection successfully created.
03:37:59.825 [main] INFO  stepDefinitions.stepDefinition_03_APIDemos_PlayingRedDots - Configurations Successfully Initialized.
03:37:59.827 [main] DEBUG MobileProgrammingLLC.Resources.Base - Attempting to tap on element 'Located by By.chained({By.AndroidUIAutomator: text("Views")})'...
03:38:00.901 [main] INFO  MobileProgrammingLLC.Resources.Base - Successfully tapped on 'Located by By.chained({By.AndroidUIAutomator: text("Views")})'
03:38:00.903 [main] DEBUG MobileProgrammingLLC.Resources.Base - Attempting to tap on element 'Located by By.chained({By.xpath: //android.widget.TextView[@text='Drag and Drop']})'...
03:38:04.992 [main] INFO  MobileProgrammingLLC.Resources.Base - Successfully tapped on 'Located by By.chained({By.xpath: //android.widget.TextView[@text='Drag and Drop']})'
03:38:04.994 [main] DEBUG MobileProgrammingLLC.Resources.Base - Attempting to long press on element 'Located by By.chained({By.xpath: //android.view.View[@resource-id='io.appium.android.apis:id/drag_dot_1']})'...
03:38:08.845 [main] INFO  MobileProgrammingLLC.Resources.Base - Successfully long pressed on 'Located by By.chained({By.xpath: //android.view.View[@resource-id='io.appium.android.apis:id/drag_dot_1']})'.
03:38:08.845 [main] DEBUG MobileProgrammingLLC.Resources.Base - Attempting to move the element to 'Located by By.chained({By.xpath: //android.view.View[@resource-id='io.appium.android.apis:id/drag_dot_3']})'...
03:38:10.662 [main] INFO  MobileProgrammingLLC.Resources.Base - Successfully moved the element to 'Located by By.chained({By.xpath: //android.view.View[@resource-id='io.appium.android.apis:id/drag_dot_3']})'.
03:38:10.664 [main] DEBUG MobileProgrammingLLC.Resources.Base - Attempting to quit the driver...
03:38:10.916 [main] INFO  MobileProgrammingLLC.Resources.Base - Driver successfully quitted.
03:38:10.920 [main] INFO  stepDefinitions.stepDefinition_04_APIDemos_MakingPopUps - Initializing Configurations...
03:38:10.920 [main] DEBUG MobileProgrammingLLC.Resources.Base - Loading locators...
03:38:10.920 [main] INFO  MobileProgrammingLLC.Resources.Base - Locators successfully loaded.
03:38:10.920 [main] DEBUG MobileProgrammingLLC.Resources.Base - Loading config file...
03:38:10.920 [main] INFO  MobileProgrammingLLC.Resources.Base - Config file successfully loaded.
03:38:10.920 [main] DEBUG MobileProgrammingLLC.Resources.Base - Loading data...
03:38:10.920 [main] INFO  MobileProgrammingLLC.Resources.Base - Data successfully loaded.
03:38:10.933 [main] DEBUG MobileProgrammingLLC.Resources.Base - Starting Appium Server...
03:38:18.261 [main] INFO  MobileProgrammingLLC.Resources.Base - Server successfully started.
03:38:18.262 [main] DEBUG MobileProgrammingLLC.Resources.Base - Setting Capabilities...
03:38:18.262 [main] DEBUG MobileProgrammingLLC.Resources.Base - Starting Emulator...
03:38:20.591 [main] INFO  MobileProgrammingLLC.Resources.Base - Emulator successfully started.
03:38:20.592 [main] INFO  MobileProgrammingLLC.Resources.Base - Capabilities Successfully set.
03:38:20.592 [main] DEBUG MobileProgrammingLLC.Resources.Base - Invoking the Native Application...
03:38:20.592 [main] INFO  MobileProgrammingLLC.Resources.Base - Application successfully invoked.
03:38:20.592 [main] DEBUG MobileProgrammingLLC.Resources.Base - Creating connection with Appium Server...
03:38:37.000 [main] INFO  MobileProgrammingLLC.Resources.Base - Connection successfully created.
03:38:37.456 [main] INFO  stepDefinitions.stepDefinition_04_APIDemos_MakingPopUps - Configurations Successfully Initialized.
03:38:37.458 [main] DEBUG MobileProgrammingLLC.Resources.Base - Attempting to tap on element 'Located by By.chained({By.AndroidUIAutomator: text("Views")})'...
03:38:38.571 [main] INFO  MobileProgrammingLLC.Resources.Base - Successfully tapped on 'Located by By.chained({By.AndroidUIAutomator: text("Views")})'
03:38:38.572 [main] DEBUG MobileProgrammingLLC.Resources.Base - Attempting to perform scroll on the page...
03:38:48.310 [main] INFO  MobileProgrammingLLC.Resources.Base - Scrolling successful.
03:38:48.311 [main] DEBUG MobileProgrammingLLC.Resources.Base - Attempting to tap on element 'Located by By.chained({By.AndroidUIAutomator: text("Popup Menu")})'...
03:38:49.704 [main] INFO  MobileProgrammingLLC.Resources.Base - Successfully tapped on 'Located by By.chained({By.AndroidUIAutomator: text("Popup Menu")})'
03:38:49.705 [main] DEBUG MobileProgrammingLLC.Resources.Base - Attempting to tap on element 'Located by By.chained({By.xpath: //android.widget.Button[@text='MAKE A POPUP!']})'...
03:38:51.300 [main] INFO  MobileProgrammingLLC.Resources.Base - Successfully tapped on 'Located by By.chained({By.xpath: //android.widget.Button[@text='MAKE A POPUP!']})'
03:38:51.301 [main] DEBUG MobileProgrammingLLC.Resources.Base - Attempting to quit the driver...
03:38:52.080 [main] INFO  MobileProgrammingLLC.Resources.Base - Driver successfully quitted.
